<?xml version="1.0" encoding="UTF-8"?>
<testng-results skipped="0" failed="0" ignored="0" total="1" passed="1">
  <reporter-output>
  </reporter-output>
  <suite name="Suite" duration-ms="9409" started-at="2018-12-23T23:28:56Z" finished-at="2018-12-23T23:29:05Z">
    <groups>
    </groups>
    <test name="Test" duration-ms="9409" started-at="2018-12-23T23:28:56Z" finished-at="2018-12-23T23:29:05Z">
      <class name="sauceDemo.SauceDemoTest">
        <test-method status="PASS" signature="firstTest()[pri:0, instance:sauceDemo.SauceDemoTest@246ae04d]" name="firstTest" duration-ms="9387" started-at="2018-12-23T23:28:56Z" finished-at="2018-12-23T23:29:05Z">
          <reporter-output>
          </reporter-output>
        </test-method> <!-- firstTest -->
      </class> <!-- sauceDemo.SauceDemoTest -->
    </test> <!-- Test -->
  </suite> <!-- Suite -->
</testng-results>
