<?xml version="1.0" encoding="UTF-8"?>
<testng-results skipped="0" failed="0" ignored="0" total="1" passed="1">
  <reporter-output>
  </reporter-output>
  <suite name="TestSuite" duration-ms="1985" started-at="2018-12-30T21:06:21Z" finished-at="2018-12-30T21:06:23Z">
    <groups>
    </groups>
    <test name="Test" duration-ms="1985" started-at="2018-12-30T21:06:21Z" finished-at="2018-12-30T21:06:23Z">
      <class name="com.test.SauceDemoTest">
        <test-method status="PASS" signature="setup()[pri:0, instance:com.test.SauceDemoTest@65b3f4a4]" name="setup" is-config="true" duration-ms="1034" started-at="2018-12-30T21:06:21Z" finished-at="2018-12-30T21:06:22Z">
          <reporter-output>
          </reporter-output>
        </test-method> <!-- setup -->
        <test-method status="PASS" signature="firstTest()[pri:0, instance:com.test.SauceDemoTest@65b3f4a4]" name="firstTest" duration-ms="329" started-at="2018-12-30T21:06:22Z" finished-at="2018-12-30T21:06:23Z">
          <reporter-output>
          </reporter-output>
        </test-method> <!-- firstTest -->
        <test-method status="PASS" signature="cleanup()[pri:0, instance:com.test.SauceDemoTest@65b3f4a4]" name="cleanup" is-config="true" duration-ms="605" started-at="2018-12-30T21:06:23Z" finished-at="2018-12-30T21:06:23Z">
          <reporter-output>
          </reporter-output>
        </test-method> <!-- cleanup -->
      </class> <!-- com.test.SauceDemoTest -->
    </test> <!-- Test -->
  </suite> <!-- TestSuite -->
</testng-results>
